e:\gitgit\beginner\23_6_17.c\23_6_17.c\x64\debug\vc143.pdb
e:\gitgit\beginner\23_6_17.c\23_6_17.c\x64\debug\vc143.idb
e:\gitgit\beginner\23_6_17.c\23_6_17.c\x64\debug\add.obj
e:\gitgit\beginner\23_6_17.c\23_6_17.c\x64\debug\class.obj
e:\gitgit\beginner\23_6_17.c\x64\debug\23_6_17.c.pdb
e:\gitgit\beginner\23_6_17.c\23_6_17.c\x64\debug\23_6_17.c.tlog\cl.command.1.tlog
e:\gitgit\beginner\23_6_17.c\23_6_17.c\x64\debug\23_6_17.c.tlog\cl.read.1.tlog
e:\gitgit\beginner\23_6_17.c\23_6_17.c\x64\debug\23_6_17.c.tlog\cl.write.1.tlog
e:\gitgit\beginner\23_6_17.c\23_6_17.c\x64\debug\23_6_17.c.tlog\link-cvtres.read.1.tlog
e:\gitgit\beginner\23_6_17.c\23_6_17.c\x64\debug\23_6_17.c.tlog\link-cvtres.write.1.tlog
e:\gitgit\beginner\23_6_17.c\23_6_17.c\x64\debug\23_6_17.c.tlog\link-rc.read.1.tlog
e:\gitgit\beginner\23_6_17.c\23_6_17.c\x64\debug\23_6_17.c.tlog\link-rc.write.1.tlog
e:\gitgit\beginner\23_6_17.c\23_6_17.c\x64\debug\23_6_17.c.tlog\link.32144-cvtres.read.1.tlog
e:\gitgit\beginner\23_6_17.c\23_6_17.c\x64\debug\23_6_17.c.tlog\link.32144-cvtres.write.1.tlog
e:\gitgit\beginner\23_6_17.c\23_6_17.c\x64\debug\23_6_17.c.tlog\link.32144-rc.read.1.tlog
e:\gitgit\beginner\23_6_17.c\23_6_17.c\x64\debug\23_6_17.c.tlog\link.32144-rc.write.1.tlog
e:\gitgit\beginner\23_6_17.c\23_6_17.c\x64\debug\23_6_17.c.tlog\link.32144.read.1.tlog
e:\gitgit\beginner\23_6_17.c\23_6_17.c\x64\debug\23_6_17.c.tlog\link.32144.read.2.tlog
e:\gitgit\beginner\23_6_17.c\23_6_17.c\x64\debug\23_6_17.c.tlog\link.32144.write.1.tlog
e:\gitgit\beginner\23_6_17.c\23_6_17.c\x64\debug\23_6_17.c.tlog\link.command.1.tlog
e:\gitgit\beginner\23_6_17.c\23_6_17.c\x64\debug\23_6_17.c.tlog\link.read.1.tlog
e:\gitgit\beginner\23_6_17.c\23_6_17.c\x64\debug\23_6_17.c.tlog\link.read.2.tlog
e:\gitgit\beginner\23_6_17.c\23_6_17.c\x64\debug\23_6_17.c.tlog\link.read.3.tlog
e:\gitgit\beginner\23_6_17.c\23_6_17.c\x64\debug\23_6_17.c.tlog\link.write.1.tlog
